\BOOKMARK [1][-]{Doc-Start}{\376\377\000E\000x\000e\000c\000u\000t\000i\000v\000e\000\040\000S\000u\000m\000m\000a\000r\000y}{}% 1
\BOOKMARK [1][-]{section.1}{\376\377\0001\000\040\000P\000r\000o\000b\000l\000e\000m\000\040\000F\000r\000a\000m\000i\000n\000g}{}% 2
\BOOKMARK [2][-]{subsection.1.1}{\376\377\0001\000.\0001\000\040\000T\000h\000e\000\040\000S\0001\0001\000\040\000R\000e\000f\000l\000e\000c\000t\000i\000o\000n\000\040\000C\000o\000e\000f\000f\000i\000c\000i\000e\000n\000t}{section.1}% 3
\BOOKMARK [2][-]{subsection.1.2}{\376\377\0001\000.\0002\000\040\000P\000h\000y\000s\000i\000c\000a\000l\000\040\000O\000r\000i\000g\000i\000n\000\040\000o\000f\000\040\000C\000l\000a\000s\000s\000\040\000S\000e\000p\000a\000r\000a\000b\000i\000l\000i\000t\000y}{section.1}% 4
\BOOKMARK [2][-]{subsection.1.3}{\376\377\0001\000.\0003\000\040\000C\000l\000a\000s\000s\000i\000f\000i\000c\000a\000t\000i\000o\000n\000\040\000G\000o\000a\000l}{section.1}% 5
\BOOKMARK [2][-]{subsection.1.4}{\376\377\0001\000.\0004\000\040\000E\000d\000g\000e\000\040\000D\000e\000p\000l\000o\000y\000m\000e\000n\000t\000\040\000C\000o\000n\000t\000e\000x\000t}{section.1}% 6
\BOOKMARK [2][-]{subsection.1.5}{\376\377\0001\000.\0005\000\040\000S\000c\000o\000p\000e\000\040\000a\000n\000d\000\040\000B\000o\000u\000n\000d\000a\000r\000i\000e\000s}{section.1}% 7
\BOOKMARK [1][-]{section.2}{\376\377\0002\000\040\000D\000a\000t\000a\000s\000e\000t\000\040\000A\000b\000s\000t\000r\000a\000c\000t\000i\000o\000n}{}% 8
\BOOKMARK [2][-]{subsection.2.1}{\376\377\0002\000.\0001\000\040\000F\000i\000l\000e\000\040\000F\000o\000r\000m\000a\000t\000:\000\040\000T\000o\000u\000c\000h\000s\000t\000o\000n\000e\000\040\000.\000s\0001\000p}{section.2}% 9
\BOOKMARK [3][-]{subsubsection.2.1.1}{\376\377\0002\000.\0001\000.\0001\000\040\000O\000b\000s\000e\000r\000v\000e\000d\000\040\000D\000e\000v\000i\000a\000t\000i\000o\000n\000\040\000f\000r\000o\000m\000\040\000t\000h\000e\000\040\000S\000t\000a\000n\000d\000a\000r\000d}{subsection.2.1}% 10
\BOOKMARK [2][-]{subsection.2.2}{\376\377\0002\000.\0002\000\040\000C\000o\000l\000u\000m\000n\000\040\000I\000n\000t\000e\000r\000p\000r\000e\000t\000a\000t\000i\000o\000n}{section.2}% 11
\BOOKMARK [2][-]{subsection.2.3}{\376\377\0002\000.\0003\000\040\000S\000a\000m\000p\000l\000e\000\040\000T\000r\000a\000c\000e\000\040\000I\000n\000s\000p\000e\000c\000t\000i\000o\000n}{section.2}% 12
\BOOKMARK [2][-]{subsection.2.4}{\376\377\0002\000.\0004\000\040\000F\000r\000e\000q\000u\000e\000n\000c\000y\000\040\000G\000r\000i\000d\000\040\000V\000a\000l\000i\000d\000a\000t\000i\000o\000n}{section.2}% 13
\BOOKMARK [2][-]{subsection.2.5}{\376\377\0002\000.\0005\000\040\000C\000l\000a\000s\000s\000\040\000D\000i\000s\000t\000r\000i\000b\000u\000t\000i\000o\000n}{section.2}% 14
\BOOKMARK [2][-]{subsection.2.6}{\376\377\0002\000.\0006\000\040\000T\000r\000a\000c\000e\000\040\000N\000u\000m\000b\000e\000r\000i\000n\000g\000\040\000a\000n\000d\000\040\000M\000i\000s\000s\000i\000n\000g\000\040\000A\000c\000q\000u\000i\000s\000i\000t\000i\000o\000n\000s}{section.2}% 15
\BOOKMARK [2][-]{subsection.2.7}{\376\377\0002\000.\0007\000\040\000F\000o\000l\000d\000e\000r\000-\000t\000o\000-\000L\000a\000b\000e\000l\000\040\000M\000a\000p\000p\000i\000n\000g}{section.2}% 16
\BOOKMARK [2][-]{subsection.2.8}{\376\377\0002\000.\0008\000\040\000D\000e\000t\000e\000r\000m\000i\000n\000i\000s\000t\000i\000c\000\040\000I\000n\000d\000e\000x\000i\000n\000g\000\040\000S\000c\000h\000e\000m\000e}{section.2}% 17
\BOOKMARK [2][-]{subsection.2.9}{\376\377\0002\000.\0009\000\040\000M\000e\000t\000a\000d\000a\000t\000a\000\040\000L\000o\000g\000g\000i\000n\000g\000\040\000R\000e\000q\000u\000i\000r\000e\000m\000e\000n\000t\000s}{section.2}% 18
\BOOKMARK [1][-]{section.3}{\376\377\0003\000\040\000R\000e\000p\000r\000e\000s\000e\000n\000t\000a\000t\000i\000o\000n\000\040\000R\000o\000u\000t\000e\000s}{}% 19
\BOOKMARK [2][-]{subsection.3.1}{\376\377\0003\000.\0001\000\040\000R\000o\000u\000t\000e\000\040\000A\000:\000\040\0001\000D\000\040\000S\000p\000e\000c\000t\000r\000a\000l\000\040\000R\000e\000p\000r\000e\000s\000e\000n\000t\000a\000t\000i\000o\000n\000s}{section.3}% 20
\BOOKMARK [3][-]{subsubsection.3.1.1}{\376\377\0003\000.\0001\000.\0001\000\040\000A\0001\000:\000\040\000D\000u\000a\000l\000-\000C\000h\000a\000n\000n\000e\000l\000\040\000C\000a\000r\000t\000e\000s\000i\000a\000n\000\040\000V\000e\000c\000t\000o\000r}{subsection.3.1}% 21
\BOOKMARK [3][-]{subsubsection.3.1.2}{\376\377\0003\000.\0001\000.\0002\000\040\000A\0002\000:\000\040\000F\000l\000a\000t\000t\000e\000n\000e\000d\000\040\000C\000a\000r\000t\000e\000s\000i\000a\000n\000\040\000V\000e\000c\000t\000o\000r}{subsection.3.1}% 22
\BOOKMARK [3][-]{subsubsection.3.1.3}{\376\377\0003\000.\0001\000.\0003\000\040\000A\0003\000:\000\040\000D\000e\000r\000i\000v\000a\000t\000i\000v\000e\000\040\000A\000u\000g\000m\000e\000n\000t\000e\000d\000\040\000C\000a\000r\000t\000e\000s\000i\000a\000n\000\040\000V\000e\000c\000t\000o\000r}{subsection.3.1}% 23
\BOOKMARK [3][-]{subsubsection.3.1.4}{\376\377\0003\000.\0001\000.\0004\000\040\000R\000o\000u\000t\000e\000\040\000A\000\040\000E\000n\000c\000o\000d\000i\000n\000g\000\040\000S\000u\000m\000m\000a\000r\000y}{subsection.3.1}% 24
\BOOKMARK [2][-]{subsection.3.2}{\376\377\0003\000.\0002\000\040\000R\000o\000u\000t\000e\000\040\000B\000:\000\040\0002\000D\000\040\000I\000m\000a\000g\000e\000-\000L\000i\000k\000e\000\040\000R\000e\000p\000r\000e\000s\000e\000n\000t\000a\000t\000i\000o\000n\000s}{section.3}% 25
\BOOKMARK [3][-]{subsubsection.3.2.1}{\376\377\0003\000.\0002\000.\0001\000\040\000B\0001\000:\000\040\000G\000r\000a\000y\000s\000c\000a\000l\000e\000\040\000C\000u\000r\000v\000e\000\040\000I\000m\000a\000g\000e\000s}{subsection.3.2}% 26
\BOOKMARK [3][-]{subsubsection.3.2.2}{\376\377\0003\000.\0002\000.\0002\000\040\000B\0002\000:\000\040\000D\000u\000a\000l\000-\000C\000h\000a\000n\000n\000e\000l\000\040\000R\000a\000s\000t\000e\000r\000i\000s\000e\000d\000\040\000M\000a\000p\000s}{subsection.3.2}% 27
\BOOKMARK [3][-]{subsubsection.3.2.3}{\376\377\0003\000.\0002\000.\0003\000\040\000B\0003\000:\000\040\000S\000p\000e\000c\000t\000r\000o\000g\000r\000a\000m\000-\000L\000i\000k\000e\000\040\000a\000n\000d\000\040\000H\000e\000a\000t\000m\000a\000p\000\040\000C\000o\000n\000s\000t\000r\000u\000c\000t\000i\000o\000n\000s}{subsection.3.2}% 28
\BOOKMARK [3][-]{subsubsection.3.2.4}{\376\377\0003\000.\0002\000.\0004\000\040\000R\000e\000n\000d\000e\000r\000i\000n\000g\000\040\000A\000r\000t\000e\000f\000a\000c\000t\000\040\000W\000a\000r\000n\000i\000n\000g}{subsection.3.2}% 29
\BOOKMARK [2][-]{subsection.3.3}{\376\377\0003\000.\0003\000\040\000R\000o\000u\000t\000e\000\040\000A\000\040\000v\000s\000.\000\040\000R\000o\000u\000t\000e\000\040\000B\000:\000\040\000C\000o\000m\000p\000a\000r\000a\000t\000i\000v\000e\000\040\000S\000u\000m\000m\000a\000r\000y}{section.3}% 30
\BOOKMARK [2][-]{subsection.3.4}{\376\377\0003\000.\0004\000\040\000R\000e\000p\000r\000e\000s\000e\000n\000t\000a\000t\000i\000o\000n\000\040\000S\000e\000l\000e\000c\000t\000i\000o\000n\000\040\000S\000t\000r\000a\000t\000e\000g\000y}{section.3}% 31
\BOOKMARK [1][-]{section.4}{\376\377\0004\000\040\000P\000r\000e\000p\000r\000o\000c\000e\000s\000s\000i\000n\000g\000\040\000P\000i\000p\000e\000l\000i\000n\000e}{}% 32
\BOOKMARK [2][-]{subsection.4.1}{\376\377\0004\000.\0001\000\040\000T\000h\000r\000e\000e\000-\000S\000t\000a\000g\000e\000\040\000P\000i\000p\000e\000l\000i\000n\000e\000\040\000O\000v\000e\000r\000v\000i\000e\000w}{section.4}% 33
\BOOKMARK [2][-]{subsection.4.2}{\376\377\0004\000.\0002\000\040\000T\000o\000u\000c\000h\000s\000t\000o\000n\000e\000\040\000F\000i\000l\000e\000\040\000P\000a\000r\000s\000i\000n\000g}{section.4}% 34
\BOOKMARK [2][-]{subsection.4.3}{\376\377\0004\000.\0003\000\040\000F\000r\000e\000q\000u\000e\000n\000c\000y\000-\000G\000r\000i\000d\000\040\000V\000a\000l\000i\000d\000a\000t\000i\000o\000n}{section.4}% 35
\BOOKMARK [2][-]{subsection.4.4}{\376\377\0004\000.\0004\000\040\000M\000i\000s\000s\000i\000n\000g\000-\000V\000a\000l\000u\000e\000\040\000a\000n\000d\000\040\000M\000a\000l\000f\000o\000r\000m\000e\000d\000-\000F\000i\000l\000e\000\040\000H\000a\000n\000d\000l\000i\000n\000g}{section.4}% 36
\BOOKMARK [2][-]{subsection.4.5}{\376\377\0004\000.\0005\000\040\000O\000u\000t\000l\000i\000e\000r\000\040\000I\000n\000s\000p\000e\000c\000t\000i\000o\000n}{section.4}% 37
\BOOKMARK [2][-]{subsection.4.6}{\376\377\0004\000.\0006\000\040\000C\000l\000a\000s\000s\000-\000L\000a\000b\000e\000l\000\040\000M\000a\000p\000p\000i\000n\000g}{section.4}% 38
\BOOKMARK [2][-]{subsection.4.7}{\376\377\0004\000.\0007\000\040\000D\000e\000t\000e\000r\000m\000i\000n\000i\000s\000t\000i\000c\000\040\000S\000a\000m\000p\000l\000e\000\040\000I\000n\000d\000e\000x\000i\000n\000g}{section.4}% 39
\BOOKMARK [2][-]{subsection.4.8}{\376\377\0004\000.\0008\000\040\000S\000t\000a\000g\000e\000\040\0001\000\040\000S\000u\000m\000m\000a\000r\000y}{section.4}% 40
\BOOKMARK [1][-]{section.5}{\376\377\0005\000\040\000N\000o\000r\000m\000a\000l\000i\000z\000a\000t\000i\000o\000n}{}% 41
\BOOKMARK [2][-]{subsection.5.1}{\376\377\0005\000.\0001\000\040\000A\000n\000t\000i\000-\000L\000e\000a\000k\000a\000g\000e\000\040\000P\000r\000i\000n\000c\000i\000p\000l\000e}{section.5}% 42
\BOOKMARK [2][-]{subsection.5.2}{\376\377\0005\000.\0002\000\040\000P\000e\000r\000-\000F\000e\000a\000t\000u\000r\000e\000\040\000Z\000-\000S\000c\000o\000r\000e\000\040\000N\000o\000r\000m\000a\000l\000i\000z\000a\000t\000i\000o\000n}{section.5}% 43
\BOOKMARK [2][-]{subsection.5.3}{\376\377\0005\000.\0003\000\040\000M\000i\000n\000-\000M\000a\000x\000\040\000S\000c\000a\000l\000i\000n\000g}{section.5}% 44
\BOOKMARK [2][-]{subsection.5.4}{\376\377\0005\000.\0004\000\040\000R\000o\000b\000u\000s\000t\000\040\000S\000c\000a\000l\000i\000n\000g}{section.5}% 45
\BOOKMARK [2][-]{subsection.5.5}{\376\377\0005\000.\0005\000\040\000C\000h\000a\000n\000n\000e\000l\000-\000W\000i\000s\000e\000\040\000N\000o\000r\000m\000a\000l\000i\000z\000a\000t\000i\000o\000n\000\040\000f\000o\000r\000\040\000R\000o\000u\000t\000e\000\040\000A}{section.5}% 46
\BOOKMARK [2][-]{subsection.5.6}{\376\377\0005\000.\0006\000\040\000I\000m\000a\000g\000e\000\040\000N\000o\000r\000m\000a\000l\000i\000z\000a\000t\000i\000o\000n\000\040\000f\000o\000r\000\040\000R\000o\000u\000t\000e\000\040\000B}{section.5}% 47
\BOOKMARK [2][-]{subsection.5.7}{\376\377\0005\000.\0007\000\040\000C\000o\000m\000p\000a\000r\000i\000s\000o\000n\000\040\000o\000f\000\040\000N\000o\000r\000m\000a\000l\000i\000z\000a\000t\000i\000o\000n\000\040\000S\000t\000r\000a\000t\000e\000g\000i\000e\000s}{section.5}% 48
\BOOKMARK [2][-]{subsection.5.8}{\376\377\0005\000.\0008\000\040\000P\000r\000a\000c\000t\000i\000c\000a\000l\000\040\000R\000e\000c\000o\000m\000m\000e\000n\000d\000a\000t\000i\000o\000n\000s}{section.5}% 49
\BOOKMARK [1][-]{section.6}{\376\377\0006\000\040\000O\000v\000e\000r\000f\000i\000t\000t\000i\000n\000g\000\040\000C\000o\000n\000t\000r\000o\000l\000\040\000a\000n\000d\000\040\000E\000v\000a\000l\000u\000a\000t\000i\000o\000n\000\040\000I\000n\000t\000e\000g\000r\000i\000t\000y}{}% 50
\BOOKMARK [2][-]{subsection.6.1}{\376\377\0006\000.\0001\000\040\000C\000o\000n\000t\000e\000x\000t\000:\000\040\000S\000m\000a\000l\000l\000-\000S\000a\000m\000p\000l\000e\000\040\000D\000e\000e\000p\000\040\000L\000e\000a\000r\000n\000i\000n\000g}{section.6}% 51
\BOOKMARK [2][-]{subsection.6.2}{\376\377\0006\000.\0002\000\040\000S\000t\000r\000a\000t\000i\000f\000i\000e\000d\000\040\000T\000r\000a\000i\000n\000\040\000/\000\040\000V\000a\000l\000i\000d\000a\000t\000i\000o\000n\000\040\000/\000\040\000T\000e\000s\000t\000\040\000S\000p\000l\000i\000t}{section.6}% 52
\BOOKMARK [2][-]{subsection.6.3}{\376\377\0006\000.\0003\000\040\000R\000e\000p\000e\000a\000t\000e\000d\000\040\000S\000t\000r\000a\000t\000i\000f\000i\000e\000d\000\040\000k\000-\000F\000o\000l\000d\000\040\000C\000r\000o\000s\000s\000-\000V\000a\000l\000i\000d\000a\000t\000i\000o\000n}{section.6}% 53
\BOOKMARK [2][-]{subsection.6.4}{\376\377\0006\000.\0004\000\040\000N\000e\000s\000t\000e\000d\000\040\000C\000r\000o\000s\000s\000-\000V\000a\000l\000i\000d\000a\000t\000i\000o\000n\000\040\000f\000o\000r\000\040\000H\000y\000p\000e\000r\000-\000P\000a\000r\000a\000m\000e\000t\000e\000r\000\040\000T\000u\000n\000i\000n\000g}{section.6}% 54
\BOOKMARK [2][-]{subsection.6.5}{\376\377\0006\000.\0005\000\040\000N\000e\000a\000r\000-\000D\000u\000p\000l\000i\000c\000a\000t\000e\000\040\000a\000n\000d\000\040\000T\000e\000m\000p\000o\000r\000a\000l\000-\000C\000o\000r\000r\000e\000l\000a\000t\000i\000o\000n\000\040\000A\000w\000a\000r\000e\000n\000e\000s\000s}{section.6}% 55
\BOOKMARK [2][-]{subsection.6.6}{\376\377\0006\000.\0006\000\040\000C\000a\000p\000a\000c\000i\000t\000y\040\023\000D\000a\000t\000a\000s\000e\000t\000\040\000S\000i\000z\000e\000\040\000M\000i\000s\000m\000a\000t\000c\000h}{section.6}% 56
\BOOKMARK [2][-]{subsection.6.7}{\376\377\0006\000.\0007\000\040\000R\000e\000g\000u\000l\000a\000r\000i\000z\000a\000t\000i\000o\000n\000\040\000T\000o\000o\000l\000k\000i\000t}{section.6}% 57
\BOOKMARK [3][-]{subsubsection.6.7.1}{\376\377\0006\000.\0007\000.\0001\000\040\000E\000a\000r\000l\000y\000\040\000S\000t\000o\000p\000p\000i\000n\000g}{subsection.6.7}% 58
\BOOKMARK [3][-]{subsubsection.6.7.2}{\376\377\0006\000.\0007\000.\0002\000\040\000W\000e\000i\000g\000h\000t\000\040\000D\000e\000c\000a\000y\000\040\000/\000\040\000L\0002\000\040\000R\000e\000g\000u\000l\000a\000r\000i\000z\000a\000t\000i\000o\000n}{subsection.6.7}% 59
\BOOKMARK [3][-]{subsubsection.6.7.3}{\376\377\0006\000.\0007\000.\0003\000\040\000D\000r\000o\000p\000o\000u\000t}{subsection.6.7}% 60
\BOOKMARK [3][-]{subsubsection.6.7.4}{\376\377\0006\000.\0007\000.\0004\000\040\000L\000a\000b\000e\000l\000\040\000S\000m\000o\000o\000t\000h\000i\000n\000g}{subsection.6.7}% 61
\BOOKMARK [3][-]{subsubsection.6.7.5}{\376\377\0006\000.\0007\000.\0005\000\040\000P\000r\000u\000n\000i\000n\000g}{subsection.6.7}% 62
\BOOKMARK [2][-]{subsection.6.8}{\376\377\0006\000.\0008\000\040\000C\000o\000n\000f\000i\000d\000e\000n\000c\000e\000\040\000C\000a\000l\000i\000b\000r\000a\000t\000i\000o\000n\000\040\000a\000s\000\040\000a\000\040\000D\000i\000a\000g\000n\000o\000s\000t\000i\000c}{section.6}% 63
\BOOKMARK [2][-]{subsection.6.9}{\376\377\0006\000.\0009\000\040\000S\000u\000m\000m\000a\000r\000y\000\040\000o\000f\000\040\000S\000a\000f\000e\000g\000u\000a\000r\000d\000s}{section.6}% 64
\BOOKMARK [1][-]{section.7}{\376\377\0007\000\040\000D\000a\000t\000a\000\040\000A\000u\000g\000m\000e\000n\000t\000a\000t\000i\000o\000n}{}% 65
\BOOKMARK [2][-]{subsection.7.1}{\376\377\0007\000.\0001\000\040\000A\000d\000d\000i\000t\000i\000v\000e\000\040\000G\000a\000u\000s\000s\000i\000a\000n\000\040\000N\000o\000i\000s\000e}{section.7}% 66
\BOOKMARK [2][-]{subsection.7.2}{\376\377\0007\000.\0002\000\040\000F\000r\000e\000q\000u\000e\000n\000c\000y\000-\000L\000o\000c\000a\000l\000\040\000S\000m\000o\000o\000t\000h\000\040\000P\000e\000r\000t\000u\000r\000b\000a\000t\000i\000o\000n}{section.7}% 67
\BOOKMARK [2][-]{subsection.7.3}{\376\377\0007\000.\0003\000\040\000M\000a\000g\000n\000i\000t\000u\000d\000e\000\040\000S\000c\000a\000l\000i\000n\000g}{section.7}% 68
\BOOKMARK [2][-]{subsection.7.4}{\376\377\0007\000.\0004\000\040\000P\000h\000a\000s\000e\000\040\000P\000e\000r\000t\000u\000r\000b\000a\000t\000i\000o\000n}{section.7}% 69
\BOOKMARK [2][-]{subsection.7.5}{\376\377\0007\000.\0005\000\040\000F\000r\000e\000q\000u\000e\000n\000c\000y\000-\000A\000x\000i\000s\000\040\000S\000h\000i\000f\000t}{section.7}% 70
\BOOKMARK [2][-]{subsection.7.6}{\376\377\0007\000.\0006\000\040\000M\000i\000x\000u\000p\000\040\000A\000u\000g\000m\000e\000n\000t\000a\000t\000i\000o\000n}{section.7}% 71
\BOOKMARK [2][-]{subsection.7.7}{\376\377\0007\000.\0007\000\040\000I\000m\000a\000g\000e\000-\000D\000o\000m\000a\000i\000n\000\040\000A\000u\000g\000m\000e\000n\000t\000a\000t\000i\000o\000n\000s\000\040\000f\000o\000r\000\040\000R\000o\000u\000t\000e\000\040\000B}{section.7}% 72
\BOOKMARK [2][-]{subsection.7.8}{\376\377\0007\000.\0008\000\040\000A\000u\000g\000m\000e\000n\000t\000a\000t\000i\000o\000n\000\040\000S\000u\000m\000m\000a\000r\000y\000\040\000T\000a\000b\000l\000e}{section.7}% 73
\BOOKMARK [2][-]{subsection.7.9}{\376\377\0007\000.\0009\000\040\000A\000u\000g\000m\000e\000n\000t\000a\000t\000i\000o\000n\000\040\000B\000u\000d\000g\000e\000t\000\040\000a\000n\000d\000\040\000A\000b\000l\000a\000t\000i\000o\000n}{section.7}% 74
